<?xml version="1.0" encoding="UTF-8"?>
<testsuite xmlns:xsi="http://www.w3.org/2001/XMLSchema-instance" xsi:noNamespaceSchemaLocation="https://maven.apache.org/surefire/maven-surefire-plugin/xsd/surefire-test-report.xsd" name="com.gdss.onlinevpsystem.OnlinevpsystemApplicationTests" time="7.286" tests="1" errors="0" skipped="0" failures="0">
  <properties>
    <property name="sun.desktop" value="windows"/>
    <property name="awt.toolkit" value="sun.awt.windows.WToolkit"/>
    <property name="file.encoding.pkg" value="sun.io"/>
    <property name="java.specification.version" value="1.8"/>
    <property name="sun.cpu.isalist" value="amd64"/>
    <property name="sun.jnu.encoding" value="GBK"/>
    <property name="java.class.path" value="D:\学习\java\ideaWorkplace\onlinevps\onlinevpsystem\target\test-classes;D:\学习\java\ideaWorkplace\onlinevps\onlinevpsystem\target\classes;D:\apache-maven-3.6.0-bin\apache-maven-3.6.0\repository\org\springframework\boot\spring-boot-starter-web\2.1.4.RELEASE\spring-boot-starter-web-2.1.4.RELEASE.jar;D:\apache-maven-3.6.0-bin\apache-maven-3.6.0\repository\org\springframework\boot\spring-boot-starter\2.1.4.RELEASE\spring-boot-starter-2.1.4.RELEASE.jar;D:\apache-maven-3.6.0-bin\apache-maven-3.6.0\repository\org\springframework\boot\spring-boot\2.1.4.RELEASE\spring-boot-2.1.4.RELEASE.jar;D:\apache-maven-3.6.0-bin\apache-maven-3.6.0\repository\org\springframework\boot\spring-boot-autoconfigure\2.1.4.RELEASE\spring-boot-autoconfigure-2.1.4.RELEASE.jar;D:\apache-maven-3.6.0-bin\apache-maven-3.6.0\repository\org\springframework\boot\spring-boot-starter-logging\2.1.4.RELEASE\spring-boot-starter-logging-2.1.4.RELEASE.jar;D:\apache-maven-3.6.0-bin\apache-maven-3.6.0\repository\ch\qos\logback\logback-classic\1.2.3\logback-classic-1.2.3.jar;D:\apache-maven-3.6.0-bin\apache-maven-3.6.0\repository\ch\qos\logback\logback-core\1.2.3\logback-core-1.2.3.jar;D:\apache-maven-3.6.0-bin\apache-maven-3.6.0\repository\org\apache\logging\log4j\log4j-to-slf4j\2.11.2\log4j-to-slf4j-2.11.2.jar;D:\apache-maven-3.6.0-bin\apache-maven-3.6.0\repository\org\apache\logging\log4j\log4j-api\2.11.2\log4j-api-2.11.2.jar;D:\apache-maven-3.6.0-bin\apache-maven-3.6.0\repository\org\slf4j\jul-to-slf4j\1.7.26\jul-to-slf4j-1.7.26.jar;D:\apache-maven-3.6.0-bin\apache-maven-3.6.0\repository\javax\annotation\javax.annotation-api\1.3.2\javax.annotation-api-1.3.2.jar;D:\apache-maven-3.6.0-bin\apache-maven-3.6.0\repository\org\yaml\snakeyaml\1.23\snakeyaml-1.23.jar;D:\apache-maven-3.6.0-bin\apache-maven-3.6.0\repository\org\springframework\boot\spring-boot-starter-json\2.1.4.RELEASE\spring-boot-starter-json-2.1.4.RELEASE.jar;D:\apache-maven-3.6.0-bin\apache-maven-3.6.0\repository\com\fasterxml\jackson\core\jackson-databind\2.9.8\jackson-databind-2.9.8.jar;D:\apache-maven-3.6.0-bin\apache-maven-3.6.0\repository\com\fasterxml\jackson\core\jackson-core\2.9.8\jackson-core-2.9.8.jar;D:\apache-maven-3.6.0-bin\apache-maven-3.6.0\repository\com\fasterxml\jackson\datatype\jackson-datatype-jdk8\2.9.8\jackson-datatype-jdk8-2.9.8.jar;D:\apache-maven-3.6.0-bin\apache-maven-3.6.0\repository\com\fasterxml\jackson\datatype\jackson-datatype-jsr310\2.9.8\jackson-datatype-jsr310-2.9.8.jar;D:\apache-maven-3.6.0-bin\apache-maven-3.6.0\repository\com\fasterxml\jackson\module\jackson-module-parameter-names\2.9.8\jackson-module-parameter-names-2.9.8.jar;D:\apache-maven-3.6.0-bin\apache-maven-3.6.0\repository\org\springframework\boot\spring-boot-starter-tomcat\2.1.4.RELEASE\spring-boot-starter-tomcat-2.1.4.RELEASE.jar;D:\apache-maven-3.6.0-bin\apache-maven-3.6.0\repository\org\apache\tomcat\embed\tomcat-embed-core\9.0.17\tomcat-embed-core-9.0.17.jar;D:\apache-maven-3.6.0-bin\apache-maven-3.6.0\repository\org\apache\tomcat\embed\tomcat-embed-el\9.0.17\tomcat-embed-el-9.0.17.jar;D:\apache-maven-3.6.0-bin\apache-maven-3.6.0\repository\org\apache\tomcat\embed\tomcat-embed-websocket\9.0.17\tomcat-embed-websocket-9.0.17.jar;D:\apache-maven-3.6.0-bin\apache-maven-3.6.0\repository\org\hibernate\validator\hibernate-validator\6.0.16.Final\hibernate-validator-6.0.16.Final.jar;D:\apache-maven-3.6.0-bin\apache-maven-3.6.0\repository\javax\validation\validation-api\2.0.1.Final\validation-api-2.0.1.Final.jar;D:\apache-maven-3.6.0-bin\apache-maven-3.6.0\repository\org\jboss\logging\jboss-logging\3.3.2.Final\jboss-logging-3.3.2.Final.jar;D:\apache-maven-3.6.0-bin\apache-maven-3.6.0\repository\org\springframework\spring-web\5.1.6.RELEASE\spring-web-5.1.6.RELEASE.jar;D:\apache-maven-3.6.0-bin\apache-maven-3.6.0\repository\org\springframework\spring-beans\5.1.6.RELEASE\spring-beans-5.1.6.RELEASE.jar;D:\apache-maven-3.6.0-bin\apache-maven-3.6.0\repository\org\springframework\spring-webmvc\5.1.6.RELEASE\spring-webmvc-5.1.6.RELEASE.jar;D:\apache-maven-3.6.0-bin\apache-maven-3.6.0\repository\org\springframework\spring-aop\5.1.6.RELEASE\spring-aop-5.1.6.RELEASE.jar;D:\apache-maven-3.6.0-bin\apache-maven-3.6.0\repository\org\springframework\spring-context\5.1.6.RELEASE\spring-context-5.1.6.RELEASE.jar;D:\apache-maven-3.6.0-bin\apache-maven-3.6.0\repository\org\springframework\spring-expression\5.1.6.RELEASE\spring-expression-5.1.6.RELEASE.jar;D:\apache-maven-3.6.0-bin\apache-maven-3.6.0\repository\org\springframework\boot\spring-boot-starter-test\2.1.4.RELEASE\spring-boot-starter-test-2.1.4.RELEASE.jar;D:\apache-maven-3.6.0-bin\apache-maven-3.6.0\repository\org\springframework\boot\spring-boot-test\2.1.4.RELEASE\spring-boot-test-2.1.4.RELEASE.jar;D:\apache-maven-3.6.0-bin\apache-maven-3.6.0\repository\org\springframework\boot\spring-boot-test-autoconfigure\2.1.4.RELEASE\spring-boot-test-autoconfigure-2.1.4.RELEASE.jar;D:\apache-maven-3.6.0-bin\apache-maven-3.6.0\repository\com\jayway\jsonpath\json-path\2.4.0\json-path-2.4.0.jar;D:\apache-maven-3.6.0-bin\apache-maven-3.6.0\repository\net\minidev\json-smart\2.3\json-smart-2.3.jar;D:\apache-maven-3.6.0-bin\apache-maven-3.6.0\repository\net\minidev\accessors-smart\1.2\accessors-smart-1.2.jar;D:\apache-maven-3.6.0-bin\apache-maven-3.6.0\repository\org\ow2\asm\asm\5.0.4\asm-5.0.4.jar;D:\apache-maven-3.6.0-bin\apache-maven-3.6.0\repository\junit\junit\4.12\junit-4.12.jar;D:\apache-maven-3.6.0-bin\apache-maven-3.6.0\repository\org\assertj\assertj-core\3.11.1\assertj-core-3.11.1.jar;D:\apache-maven-3.6.0-bin\apache-maven-3.6.0\repository\org\mockito\mockito-core\2.23.4\mockito-core-2.23.4.jar;D:\apache-maven-3.6.0-bin\apache-maven-3.6.0\repository\net\bytebuddy\byte-buddy\1.9.12\byte-buddy-1.9.12.jar;D:\apache-maven-3.6.0-bin\apache-maven-3.6.0\repository\net\bytebuddy\byte-buddy-agent\1.9.12\byte-buddy-agent-1.9.12.jar;D:\apache-maven-3.6.0-bin\apache-maven-3.6.0\repository\org\objenesis\objenesis\2.6\objenesis-2.6.jar;D:\apache-maven-3.6.0-bin\apache-maven-3.6.0\repository\org\hamcrest\hamcrest-core\1.3\hamcrest-core-1.3.jar;D:\apache-maven-3.6.0-bin\apache-maven-3.6.0\repository\org\hamcrest\hamcrest-library\1.3\hamcrest-library-1.3.jar;D:\apache-maven-3.6.0-bin\apache-maven-3.6.0\repository\org\skyscreamer\jsonassert\1.5.0\jsonassert-1.5.0.jar;D:\apache-maven-3.6.0-bin\apache-maven-3.6.0\repository\com\vaadin\external\google\android-json\0.0.20131108.vaadin1\android-json-0.0.20131108.vaadin1.jar;D:\apache-maven-3.6.0-bin\apache-maven-3.6.0\repository\org\springframework\spring-core\5.1.6.RELEASE\spring-core-5.1.6.RELEASE.jar;D:\apache-maven-3.6.0-bin\apache-maven-3.6.0\repository\org\springframework\spring-jcl\5.1.6.RELEASE\spring-jcl-5.1.6.RELEASE.jar;D:\apache-maven-3.6.0-bin\apache-maven-3.6.0\repository\org\springframework\spring-test\5.1.6.RELEASE\spring-test-5.1.6.RELEASE.jar;D:\apache-maven-3.6.0-bin\apache-maven-3.6.0\repository\org\xmlunit\xmlunit-core\2.6.2\xmlunit-core-2.6.2.jar;D:\apache-maven-3.6.0-bin\apache-maven-3.6.0\repository\mysql\mysql-connector-java\8.0.15\mysql-connector-java-8.0.15.jar;D:\apache-maven-3.6.0-bin\apache-maven-3.6.0\repository\org\springframework\boot\spring-boot-starter-data-jpa\2.1.4.RELEASE\spring-boot-starter-data-jpa-2.1.4.RELEASE.jar;D:\apache-maven-3.6.0-bin\apache-maven-3.6.0\repository\org\springframework\boot\spring-boot-starter-aop\2.1.4.RELEASE\spring-boot-starter-aop-2.1.4.RELEASE.jar;D:\apache-maven-3.6.0-bin\apache-maven-3.6.0\repository\org\aspectj\aspectjweaver\1.9.2\aspectjweaver-1.9.2.jar;D:\apache-maven-3.6.0-bin\apache-maven-3.6.0\repository\org\springframework\boot\spring-boot-starter-jdbc\2.1.4.RELEASE\spring-boot-starter-jdbc-2.1.4.RELEASE.jar;D:\apache-maven-3.6.0-bin\apache-maven-3.6.0\repository\com\zaxxer\HikariCP\3.2.0\HikariCP-3.2.0.jar;D:\apache-maven-3.6.0-bin\apache-maven-3.6.0\repository\org\springframework\spring-jdbc\5.1.6.RELEASE\spring-jdbc-5.1.6.RELEASE.jar;D:\apache-maven-3.6.0-bin\apache-maven-3.6.0\repository\javax\transaction\javax.transaction-api\1.3\javax.transaction-api-1.3.jar;D:\apache-maven-3.6.0-bin\apache-maven-3.6.0\repository\javax\xml\bind\jaxb-api\2.3.1\jaxb-api-2.3.1.jar;D:\apache-maven-3.6.0-bin\apache-maven-3.6.0\repository\javax\activation\javax.activation-api\1.2.0\javax.activation-api-1.2.0.jar;D:\apache-maven-3.6.0-bin\apache-maven-3.6.0\repository\org\hibernate\hibernate-core\5.3.9.Final\hibernate-core-5.3.9.Final.jar;D:\apache-maven-3.6.0-bin\apache-maven-3.6.0\repository\javax\persistence\javax.persistence-api\2.2\javax.persistence-api-2.2.jar;D:\apache-maven-3.6.0-bin\apache-maven-3.6.0\repository\org\javassist\javassist\3.23.1-GA\javassist-3.23.1-GA.jar;D:\apache-maven-3.6.0-bin\apache-maven-3.6.0\repository\antlr\antlr\2.7.7\antlr-2.7.7.jar;D:\apache-maven-3.6.0-bin\apache-maven-3.6.0\repository\org\jboss\jandex\2.0.5.Final\jandex-2.0.5.Final.jar;D:\apache-maven-3.6.0-bin\apache-maven-3.6.0\repository\org\dom4j\dom4j\2.1.1\dom4j-2.1.1.jar;D:\apache-maven-3.6.0-bin\apache-maven-3.6.0\repository\org\hibernate\common\hibernate-commons-annotations\5.0.4.Final\hibernate-commons-annotations-5.0.4.Final.jar;D:\apache-maven-3.6.0-bin\apache-maven-3.6.0\repository\org\springframework\data\spring-data-jpa\2.1.6.RELEASE\spring-data-jpa-2.1.6.RELEASE.jar;D:\apache-maven-3.6.0-bin\apache-maven-3.6.0\repository\org\springframework\data\spring-data-commons\2.1.6.RELEASE\spring-data-commons-2.1.6.RELEASE.jar;D:\apache-maven-3.6.0-bin\apache-maven-3.6.0\repository\org\springframework\spring-orm\5.1.6.RELEASE\spring-orm-5.1.6.RELEASE.jar;D:\apache-maven-3.6.0-bin\apache-maven-3.6.0\repository\org\springframework\spring-tx\5.1.6.RELEASE\spring-tx-5.1.6.RELEASE.jar;D:\apache-maven-3.6.0-bin\apache-maven-3.6.0\repository\org\springframework\spring-aspects\5.1.6.RELEASE\spring-aspects-5.1.6.RELEASE.jar;D:\apache-maven-3.6.0-bin\apache-maven-3.6.0\repository\org\projectlombok\lombok\1.18.6\lombok-1.18.6.jar;D:\apache-maven-3.6.0-bin\apache-maven-3.6.0\repository\io\springfox\springfox-swagger2\2.7.0\springfox-swagger2-2.7.0.jar;D:\apache-maven-3.6.0-bin\apache-maven-3.6.0\repository\io\swagger\swagger-annotations\1.5.13\swagger-annotations-1.5.13.jar;D:\apache-maven-3.6.0-bin\apache-maven-3.6.0\repository\io\swagger\swagger-models\1.5.13\swagger-models-1.5.13.jar;D:\apache-maven-3.6.0-bin\apache-maven-3.6.0\repository\com\fasterxml\jackson\core\jackson-annotations\2.9.0\jackson-annotations-2.9.0.jar;D:\apache-maven-3.6.0-bin\apache-maven-3.6.0\repository\io\springfox\springfox-spi\2.7.0\springfox-spi-2.7.0.jar;D:\apache-maven-3.6.0-bin\apache-maven-3.6.0\repository\io\springfox\springfox-core\2.7.0\springfox-core-2.7.0.jar;D:\apache-maven-3.6.0-bin\apache-maven-3.6.0\repository\io\springfox\springfox-schema\2.7.0\springfox-schema-2.7.0.jar;D:\apache-maven-3.6.0-bin\apache-maven-3.6.0\repository\io\springfox\springfox-swagger-common\2.7.0\springfox-swagger-common-2.7.0.jar;D:\apache-maven-3.6.0-bin\apache-maven-3.6.0\repository\io\springfox\springfox-spring-web\2.7.0\springfox-spring-web-2.7.0.jar;D:\apache-maven-3.6.0-bin\apache-maven-3.6.0\repository\org\reflections\reflections\0.9.11\reflections-0.9.11.jar;D:\apache-maven-3.6.0-bin\apache-maven-3.6.0\repository\com\google\guava\guava\18.0\guava-18.0.jar;D:\apache-maven-3.6.0-bin\apache-maven-3.6.0\repository\com\fasterxml\classmate\1.4.0\classmate-1.4.0.jar;D:\apache-maven-3.6.0-bin\apache-maven-3.6.0\repository\org\slf4j\slf4j-api\1.7.26\slf4j-api-1.7.26.jar;D:\apache-maven-3.6.0-bin\apache-maven-3.6.0\repository\org\springframework\plugin\spring-plugin-core\1.2.0.RELEASE\spring-plugin-core-1.2.0.RELEASE.jar;D:\apache-maven-3.6.0-bin\apache-maven-3.6.0\repository\org\springframework\plugin\spring-plugin-metadata\1.2.0.RELEASE\spring-plugin-metadata-1.2.0.RELEASE.jar;D:\apache-maven-3.6.0-bin\apache-maven-3.6.0\repository\org\mapstruct\mapstruct\1.1.0.Final\mapstruct-1.1.0.Final.jar;D:\apache-maven-3.6.0-bin\apache-maven-3.6.0\repository\io\springfox\springfox-swagger-ui\2.7.0\springfox-swagger-ui-2.7.0.jar;"/>
    <property name="java.vm.vendor" value="Oracle Corporation"/>
    <property name="sun.arch.data.model" value="64"/>
    <property name="user.variant" value=""/>
    <property name="java.vendor.url" value="http://java.oracle.com/"/>
    <property name="user.timezone" value="Asia/Shanghai"/>
    <property name="java.vm.specification.version" value="1.8"/>
    <property name="os.name" value="Windows 10"/>
    <property name="user.country" value="CN"/>
    <property name="sun.java.launcher" value="SUN_STANDARD"/>
    <property name="sun.boot.library.path" value="C:\Program Files\Java\jdk1.8.0_171\jre\bin"/>
    <property name="sun.java.command" value="C:\Users\居居\AppData\Local\Temp\surefire7770466723045755236\surefirebooter8019613517564328529.jar C:\Users\居居\AppData\Local\Temp\surefire7770466723045755236 2019-04-14T02-04-31_363-jvmRun1 surefire3069906344709706435tmp surefire_02987859527653206185tmp"/>
    <property name="surefire.test.class.path" value="D:\学习\java\ideaWorkplace\onlinevps\onlinevpsystem\target\test-classes;D:\学习\java\ideaWorkplace\onlinevps\onlinevpsystem\target\classes;D:\apache-maven-3.6.0-bin\apache-maven-3.6.0\repository\org\springframework\boot\spring-boot-starter-web\2.1.4.RELEASE\spring-boot-starter-web-2.1.4.RELEASE.jar;D:\apache-maven-3.6.0-bin\apache-maven-3.6.0\repository\org\springframework\boot\spring-boot-starter\2.1.4.RELEASE\spring-boot-starter-2.1.4.RELEASE.jar;D:\apache-maven-3.6.0-bin\apache-maven-3.6.0\repository\org\springframework\boot\spring-boot\2.1.4.RELEASE\spring-boot-2.1.4.RELEASE.jar;D:\apache-maven-3.6.0-bin\apache-maven-3.6.0\repository\org\springframework\boot\spring-boot-autoconfigure\2.1.4.RELEASE\spring-boot-autoconfigure-2.1.4.RELEASE.jar;D:\apache-maven-3.6.0-bin\apache-maven-3.6.0\repository\org\springframework\boot\spring-boot-starter-logging\2.1.4.RELEASE\spring-boot-starter-logging-2.1.4.RELEASE.jar;D:\apache-maven-3.6.0-bin\apache-maven-3.6.0\repository\ch\qos\logback\logback-classic\1.2.3\logback-classic-1.2.3.jar;D:\apache-maven-3.6.0-bin\apache-maven-3.6.0\repository\ch\qos\logback\logback-core\1.2.3\logback-core-1.2.3.jar;D:\apache-maven-3.6.0-bin\apache-maven-3.6.0\repository\org\apache\logging\log4j\log4j-to-slf4j\2.11.2\log4j-to-slf4j-2.11.2.jar;D:\apache-maven-3.6.0-bin\apache-maven-3.6.0\repository\org\apache\logging\log4j\log4j-api\2.11.2\log4j-api-2.11.2.jar;D:\apache-maven-3.6.0-bin\apache-maven-3.6.0\repository\org\slf4j\jul-to-slf4j\1.7.26\jul-to-slf4j-1.7.26.jar;D:\apache-maven-3.6.0-bin\apache-maven-3.6.0\repository\javax\annotation\javax.annotation-api\1.3.2\javax.annotation-api-1.3.2.jar;D:\apache-maven-3.6.0-bin\apache-maven-3.6.0\repository\org\yaml\snakeyaml\1.23\snakeyaml-1.23.jar;D:\apache-maven-3.6.0-bin\apache-maven-3.6.0\repository\org\springframework\boot\spring-boot-starter-json\2.1.4.RELEASE\spring-boot-starter-json-2.1.4.RELEASE.jar;D:\apache-maven-3.6.0-bin\apache-maven-3.6.0\repository\com\fasterxml\jackson\core\jackson-databind\2.9.8\jackson-databind-2.9.8.jar;D:\apache-maven-3.6.0-bin\apache-maven-3.6.0\repository\com\fasterxml\jackson\core\jackson-core\2.9.8\jackson-core-2.9.8.jar;D:\apache-maven-3.6.0-bin\apache-maven-3.6.0\repository\com\fasterxml\jackson\datatype\jackson-datatype-jdk8\2.9.8\jackson-datatype-jdk8-2.9.8.jar;D:\apache-maven-3.6.0-bin\apache-maven-3.6.0\repository\com\fasterxml\jackson\datatype\jackson-datatype-jsr310\2.9.8\jackson-datatype-jsr310-2.9.8.jar;D:\apache-maven-3.6.0-bin\apache-maven-3.6.0\repository\com\fasterxml\jackson\module\jackson-module-parameter-names\2.9.8\jackson-module-parameter-names-2.9.8.jar;D:\apache-maven-3.6.0-bin\apache-maven-3.6.0\repository\org\springframework\boot\spring-boot-starter-tomcat\2.1.4.RELEASE\spring-boot-starter-tomcat-2.1.4.RELEASE.jar;D:\apache-maven-3.6.0-bin\apache-maven-3.6.0\repository\org\apache\tomcat\embed\tomcat-embed-core\9.0.17\tomcat-embed-core-9.0.17.jar;D:\apache-maven-3.6.0-bin\apache-maven-3.6.0\repository\org\apache\tomcat\embed\tomcat-embed-el\9.0.17\tomcat-embed-el-9.0.17.jar;D:\apache-maven-3.6.0-bin\apache-maven-3.6.0\repository\org\apache\tomcat\embed\tomcat-embed-websocket\9.0.17\tomcat-embed-websocket-9.0.17.jar;D:\apache-maven-3.6.0-bin\apache-maven-3.6.0\repository\org\hibernate\validator\hibernate-validator\6.0.16.Final\hibernate-validator-6.0.16.Final.jar;D:\apache-maven-3.6.0-bin\apache-maven-3.6.0\repository\javax\validation\validation-api\2.0.1.Final\validation-api-2.0.1.Final.jar;D:\apache-maven-3.6.0-bin\apache-maven-3.6.0\repository\org\jboss\logging\jboss-logging\3.3.2.Final\jboss-logging-3.3.2.Final.jar;D:\apache-maven-3.6.0-bin\apache-maven-3.6.0\repository\org\springframework\spring-web\5.1.6.RELEASE\spring-web-5.1.6.RELEASE.jar;D:\apache-maven-3.6.0-bin\apache-maven-3.6.0\repository\org\springframework\spring-beans\5.1.6.RELEASE\spring-beans-5.1.6.RELEASE.jar;D:\apache-maven-3.6.0-bin\apache-maven-3.6.0\repository\org\springframework\spring-webmvc\5.1.6.RELEASE\spring-webmvc-5.1.6.RELEASE.jar;D:\apache-maven-3.6.0-bin\apache-maven-3.6.0\repository\org\springframework\spring-aop\5.1.6.RELEASE\spring-aop-5.1.6.RELEASE.jar;D:\apache-maven-3.6.0-bin\apache-maven-3.6.0\repository\org\springframework\spring-context\5.1.6.RELEASE\spring-context-5.1.6.RELEASE.jar;D:\apache-maven-3.6.0-bin\apache-maven-3.6.0\repository\org\springframework\spring-expression\5.1.6.RELEASE\spring-expression-5.1.6.RELEASE.jar;D:\apache-maven-3.6.0-bin\apache-maven-3.6.0\repository\org\springframework\boot\spring-boot-starter-test\2.1.4.RELEASE\spring-boot-starter-test-2.1.4.RELEASE.jar;D:\apache-maven-3.6.0-bin\apache-maven-3.6.0\repository\org\springframework\boot\spring-boot-test\2.1.4.RELEASE\spring-boot-test-2.1.4.RELEASE.jar;D:\apache-maven-3.6.0-bin\apache-maven-3.6.0\repository\org\springframework\boot\spring-boot-test-autoconfigure\2.1.4.RELEASE\spring-boot-test-autoconfigure-2.1.4.RELEASE.jar;D:\apache-maven-3.6.0-bin\apache-maven-3.6.0\repository\com\jayway\jsonpath\json-path\2.4.0\json-path-2.4.0.jar;D:\apache-maven-3.6.0-bin\apache-maven-3.6.0\repository\net\minidev\json-smart\2.3\json-smart-2.3.jar;D:\apache-maven-3.6.0-bin\apache-maven-3.6.0\repository\net\minidev\accessors-smart\1.2\accessors-smart-1.2.jar;D:\apache-maven-3.6.0-bin\apache-maven-3.6.0\repository\org\ow2\asm\asm\5.0.4\asm-5.0.4.jar;D:\apache-maven-3.6.0-bin\apache-maven-3.6.0\repository\junit\junit\4.12\junit-4.12.jar;D:\apache-maven-3.6.0-bin\apache-maven-3.6.0\repository\org\assertj\assertj-core\3.11.1\assertj-core-3.11.1.jar;D:\apache-maven-3.6.0-bin\apache-maven-3.6.0\repository\org\mockito\mockito-core\2.23.4\mockito-core-2.23.4.jar;D:\apache-maven-3.6.0-bin\apache-maven-3.6.0\repository\net\bytebuddy\byte-buddy\1.9.12\byte-buddy-1.9.12.jar;D:\apache-maven-3.6.0-bin\apache-maven-3.6.0\repository\net\bytebuddy\byte-buddy-agent\1.9.12\byte-buddy-agent-1.9.12.jar;D:\apache-maven-3.6.0-bin\apache-maven-3.6.0\repository\org\objenesis\objenesis\2.6\objenesis-2.6.jar;D:\apache-maven-3.6.0-bin\apache-maven-3.6.0\repository\org\hamcrest\hamcrest-core\1.3\hamcrest-core-1.3.jar;D:\apache-maven-3.6.0-bin\apache-maven-3.6.0\repository\org\hamcrest\hamcrest-library\1.3\hamcrest-library-1.3.jar;D:\apache-maven-3.6.0-bin\apache-maven-3.6.0\repository\org\skyscreamer\jsonassert\1.5.0\jsonassert-1.5.0.jar;D:\apache-maven-3.6.0-bin\apache-maven-3.6.0\repository\com\vaadin\external\google\android-json\0.0.20131108.vaadin1\android-json-0.0.20131108.vaadin1.jar;D:\apache-maven-3.6.0-bin\apache-maven-3.6.0\repository\org\springframework\spring-core\5.1.6.RELEASE\spring-core-5.1.6.RELEASE.jar;D:\apache-maven-3.6.0-bin\apache-maven-3.6.0\repository\org\springframework\spring-jcl\5.1.6.RELEASE\spring-jcl-5.1.6.RELEASE.jar;D:\apache-maven-3.6.0-bin\apache-maven-3.6.0\repository\org\springframework\spring-test\5.1.6.RELEASE\spring-test-5.1.6.RELEASE.jar;D:\apache-maven-3.6.0-bin\apache-maven-3.6.0\repository\org\xmlunit\xmlunit-core\2.6.2\xmlunit-core-2.6.2.jar;D:\apache-maven-3.6.0-bin\apache-maven-3.6.0\repository\mysql\mysql-connector-java\8.0.15\mysql-connector-java-8.0.15.jar;D:\apache-maven-3.6.0-bin\apache-maven-3.6.0\repository\org\springframework\boot\spring-boot-starter-data-jpa\2.1.4.RELEASE\spring-boot-starter-data-jpa-2.1.4.RELEASE.jar;D:\apache-maven-3.6.0-bin\apache-maven-3.6.0\repository\org\springframework\boot\spring-boot-starter-aop\2.1.4.RELEASE\spring-boot-starter-aop-2.1.4.RELEASE.jar;D:\apache-maven-3.6.0-bin\apache-maven-3.6.0\repository\org\aspectj\aspectjweaver\1.9.2\aspectjweaver-1.9.2.jar;D:\apache-maven-3.6.0-bin\apache-maven-3.6.0\repository\org\springframework\boot\spring-boot-starter-jdbc\2.1.4.RELEASE\spring-boot-starter-jdbc-2.1.4.RELEASE.jar;D:\apache-maven-3.6.0-bin\apache-maven-3.6.0\repository\com\zaxxer\HikariCP\3.2.0\HikariCP-3.2.0.jar;D:\apache-maven-3.6.0-bin\apache-maven-3.6.0\repository\org\springframework\spring-jdbc\5.1.6.RELEASE\spring-jdbc-5.1.6.RELEASE.jar;D:\apache-maven-3.6.0-bin\apache-maven-3.6.0\repository\javax\transaction\javax.transaction-api\1.3\javax.transaction-api-1.3.jar;D:\apache-maven-3.6.0-bin\apache-maven-3.6.0\repository\javax\xml\bind\jaxb-api\2.3.1\jaxb-api-2.3.1.jar;D:\apache-maven-3.6.0-bin\apache-maven-3.6.0\repository\javax\activation\javax.activation-api\1.2.0\javax.activation-api-1.2.0.jar;D:\apache-maven-3.6.0-bin\apache-maven-3.6.0\repository\org\hibernate\hibernate-core\5.3.9.Final\hibernate-core-5.3.9.Final.jar;D:\apache-maven-3.6.0-bin\apache-maven-3.6.0\repository\javax\persistence\javax.persistence-api\2.2\javax.persistence-api-2.2.jar;D:\apache-maven-3.6.0-bin\apache-maven-3.6.0\repository\org\javassist\javassist\3.23.1-GA\javassist-3.23.1-GA.jar;D:\apache-maven-3.6.0-bin\apache-maven-3.6.0\repository\antlr\antlr\2.7.7\antlr-2.7.7.jar;D:\apache-maven-3.6.0-bin\apache-maven-3.6.0\repository\org\jboss\jandex\2.0.5.Final\jandex-2.0.5.Final.jar;D:\apache-maven-3.6.0-bin\apache-maven-3.6.0\repository\org\dom4j\dom4j\2.1.1\dom4j-2.1.1.jar;D:\apache-maven-3.6.0-bin\apache-maven-3.6.0\repository\org\hibernate\common\hibernate-commons-annotations\5.0.4.Final\hibernate-commons-annotations-5.0.4.Final.jar;D:\apache-maven-3.6.0-bin\apache-maven-3.6.0\repository\org\springframework\data\spring-data-jpa\2.1.6.RELEASE\spring-data-jpa-2.1.6.RELEASE.jar;D:\apache-maven-3.6.0-bin\apache-maven-3.6.0\repository\org\springframework\data\spring-data-commons\2.1.6.RELEASE\spring-data-commons-2.1.6.RELEASE.jar;D:\apache-maven-3.6.0-bin\apache-maven-3.6.0\repository\org\springframework\spring-orm\5.1.6.RELEASE\spring-orm-5.1.6.RELEASE.jar;D:\apache-maven-3.6.0-bin\apache-maven-3.6.0\repository\org\springframework\spring-tx\5.1.6.RELEASE\spring-tx-5.1.6.RELEASE.jar;D:\apache-maven-3.6.0-bin\apache-maven-3.6.0\repository\org\springframework\spring-aspects\5.1.6.RELEASE\spring-aspects-5.1.6.RELEASE.jar;D:\apache-maven-3.6.0-bin\apache-maven-3.6.0\repository\org\projectlombok\lombok\1.18.6\lombok-1.18.6.jar;D:\apache-maven-3.6.0-bin\apache-maven-3.6.0\repository\io\springfox\springfox-swagger2\2.7.0\springfox-swagger2-2.7.0.jar;D:\apache-maven-3.6.0-bin\apache-maven-3.6.0\repository\io\swagger\swagger-annotations\1.5.13\swagger-annotations-1.5.13.jar;D:\apache-maven-3.6.0-bin\apache-maven-3.6.0\repository\io\swagger\swagger-models\1.5.13\swagger-models-1.5.13.jar;D:\apache-maven-3.6.0-bin\apache-maven-3.6.0\repository\com\fasterxml\jackson\core\jackson-annotations\2.9.0\jackson-annotations-2.9.0.jar;D:\apache-maven-3.6.0-bin\apache-maven-3.6.0\repository\io\springfox\springfox-spi\2.7.0\springfox-spi-2.7.0.jar;D:\apache-maven-3.6.0-bin\apache-maven-3.6.0\repository\io\springfox\springfox-core\2.7.0\springfox-core-2.7.0.jar;D:\apache-maven-3.6.0-bin\apache-maven-3.6.0\repository\io\springfox\springfox-schema\2.7.0\springfox-schema-2.7.0.jar;D:\apache-maven-3.6.0-bin\apache-maven-3.6.0\repository\io\springfox\springfox-swagger-common\2.7.0\springfox-swagger-common-2.7.0.jar;D:\apache-maven-3.6.0-bin\apache-maven-3.6.0\repository\io\springfox\springfox-spring-web\2.7.0\springfox-spring-web-2.7.0.jar;D:\apache-maven-3.6.0-bin\apache-maven-3.6.0\repository\org\reflections\reflections\0.9.11\reflections-0.9.11.jar;D:\apache-maven-3.6.0-bin\apache-maven-3.6.0\repository\com\google\guava\guava\18.0\guava-18.0.jar;D:\apache-maven-3.6.0-bin\apache-maven-3.6.0\repository\com\fasterxml\classmate\1.4.0\classmate-1.4.0.jar;D:\apache-maven-3.6.0-bin\apache-maven-3.6.0\repository\org\slf4j\slf4j-api\1.7.26\slf4j-api-1.7.26.jar;D:\apache-maven-3.6.0-bin\apache-maven-3.6.0\repository\org\springframework\plugin\spring-plugin-core\1.2.0.RELEASE\spring-plugin-core-1.2.0.RELEASE.jar;D:\apache-maven-3.6.0-bin\apache-maven-3.6.0\repository\org\springframework\plugin\spring-plugin-metadata\1.2.0.RELEASE\spring-plugin-metadata-1.2.0.RELEASE.jar;D:\apache-maven-3.6.0-bin\apache-maven-3.6.0\repository\org\mapstruct\mapstruct\1.1.0.Final\mapstruct-1.1.0.Final.jar;D:\apache-maven-3.6.0-bin\apache-maven-3.6.0\repository\io\springfox\springfox-swagger-ui\2.7.0\springfox-swagger-ui-2.7.0.jar;"/>
    <property name="sun.cpu.endian" value="little"/>
    <property name="user.home" value="C:\Users\居居"/>
    <property name="user.language" value="zh"/>
    <property name="java.specification.vendor" value="Oracle Corporation"/>
    <property name="java.home" value="C:\Program Files\Java\jdk1.8.0_171\jre"/>
    <property name="basedir" value="D:\学习\java\ideaWorkplace\onlinevps\onlinevpsystem"/>
    <property name="file.separator" value="\"/>
    <property name="line.separator" value="&#10;"/>
    <property name="java.vm.specification.vendor" value="Oracle Corporation"/>
    <property name="java.specification.name" value="Java Platform API Specification"/>
    <property name="java.awt.graphicsenv" value="sun.awt.Win32GraphicsEnvironment"/>
    <property name="surefire.real.class.path" value="C:\Users\居居\AppData\Local\Temp\surefire7770466723045755236\surefirebooter8019613517564328529.jar"/>
    <property name="sun.boot.class.path" value="C:\Program Files\Java\jdk1.8.0_171\jre\lib\resources.jar;C:\Program Files\Java\jdk1.8.0_171\jre\lib\rt.jar;C:\Program Files\Java\jdk1.8.0_171\jre\lib\sunrsasign.jar;C:\Program Files\Java\jdk1.8.0_171\jre\lib\jsse.jar;C:\Program Files\Java\jdk1.8.0_171\jre\lib\jce.jar;C:\Program Files\Java\jdk1.8.0_171\jre\lib\charsets.jar;C:\Program Files\Java\jdk1.8.0_171\jre\lib\jfr.jar;C:\Program Files\Java\jdk1.8.0_171\jre\classes"/>
    <property name="user.script" value=""/>
    <property name="sun.management.compiler" value="HotSpot 64-Bit Tiered Compilers"/>
    <property name="java.runtime.version" value="1.8.0_171-b11"/>
    <property name="user.name" value="居居"/>
    <property name="path.separator" value=";"/>
    <property name="os.version" value="10.0"/>
    <property name="java.endorsed.dirs" value="C:\Program Files\Java\jdk1.8.0_171\jre\lib\endorsed"/>
    <property name="java.runtime.name" value="Java(TM) SE Runtime Environment"/>
    <property name="file.encoding" value="GBK"/>
    <property name="java.vm.name" value="Java HotSpot(TM) 64-Bit Server VM"/>
    <property name="localRepository" value="D:\apache-maven-3.6.0-bin\apache-maven-3.6.0\repository"/>
    <property name="java.vendor.url.bug" value="http://bugreport.sun.com/bugreport/"/>
    <property name="java.io.tmpdir" value="C:\Users\居居\AppData\Local\Temp\"/>
    <property name="idea.version" value="2018.2.7"/>
    <property name="java.version" value="1.8.0_171"/>
    <property name="user.dir" value="D:\学习\java\ideaWorkplace\onlinevps\onlinevpsystem"/>
    <property name="os.arch" value="amd64"/>
    <property name="java.vm.specification.name" value="Java Virtual Machine Specification"/>
    <property name="java.awt.printerjob" value="sun.awt.windows.WPrinterJob"/>
    <property name="sun.os.patch.level" value=""/>
    <property name="java.library.path" value="C:\Program Files\Java\jdk1.8.0_171\jre\bin;C:\WINDOWS\Sun\Java\bin;C:\WINDOWS\system32;C:\WINDOWS;C:\Program Files (x86)\Common Files\Oracle\Java\javapath;C:\WINDOWS\system32;C:\WINDOWS;C:\WINDOWS\System32\Wbem;C:\WINDOWS\System32\WindowsPowerShell\v1.0\;C:\Program Files\Java\jdk-10.0.1\bin;C:\Program Files (x86)\Microsoft SQL Server\100\Tools\Binn\;C:\Program Files\Microsoft SQL Server\100\Tools\Binn\;C:\Program Files\Microsoft SQL Server\100\DTS\Binn\;C:\Program Files (x86)\Microsoft SQL Server\100\Tools\Binn\VSShell\Common7\IDE\;C:\Program Files (x86)\Microsoft Visual Studio 9.0\Common7\IDE\PrivateAssemblies\;C:\Program Files (x86)\Microsoft SQL Server\100\DTS\Binn\;C:\WINDOWS\System32\OpenSSH\;D:\apache-tomcat-7.0.90\bin;C:\Users\居居\Desktop\培训\SSM项目组培训资料及架包\apache-maven-3.6.0\apache-maven-3.6.0\bin;D:\apache-maven-3.6.0-bin\apache-maven-3.6.0\bin\;&quot;C:\Program Files\Java\jdk1.8.0_171\bin;C:\Program Files\Java\jdk1.8.0_171\jre\bin;&quot;;C:\Users\居居\AppData\Local\Microsoft\WindowsApps;C:\Program Files (x86)\SSH Communications Security\SSH Secure Shell;C:\Users\居居\AppData\Local\GitHubDesktop\bin;."/>
    <property name="java.vm.info" value="mixed mode"/>
    <property name="java.vendor" value="Oracle Corporation"/>
    <property name="java.vm.version" value="25.171-b11"/>
    <property name="java.ext.dirs" value="C:\Program Files\Java\jdk1.8.0_171\jre\lib\ext;C:\WINDOWS\Sun\Java\lib\ext"/>
    <property name="sun.io.unicode.encoding" value="UnicodeLittle"/>
    <property name="maven.repo.local" value="D:\apache-maven-3.6.0-bin\apache-maven-3.6.0\repository"/>
    <property name="java.class.version" value="52.0"/>
  </properties>
  <testcase name="contextLoads" classname="com.gdss.onlinevpsystem.OnlinevpsystemApplicationTests" time="0.219"/>
</testsuite>